[0917/100517.908:WARNING:spdy_session.cc(3365)] Received HEADERS for invalid stream 1
[0917/100517.916:WARNING:spdy_session.cc(3365)] Received HEADERS for invalid stream 3
[0917/100517.928:WARNING:spdy_session.cc(3365)] Received HEADERS for invalid stream 5
[0917/100517.937:WARNING:spdy_session.cc(3365)] Received HEADERS for invalid stream 7
[0917/100517.941:WARNING:spdy_session.cc(3365)] Received HEADERS for invalid stream 9
[0917/100517.945:WARNING:spdy_session.cc(3365)] Received HEADERS for invalid stream 11
[0917/100517.959:WARNING:spdy_session.cc(3365)] Received HEADERS for invalid stream 15
[0917/100517.965:WARNING:spdy_session.cc(3365)] Received HEADERS for invalid stream 13
[0917/100517.971:WARNING:spdy_session.cc(3365)] Received HEADERS for invalid stream 17
[0917/100517.977:WARNING:spdy_session.cc(3365)] Received HEADERS for invalid stream 21
[0917/100517.977:WARNING:spdy_session.cc(3365)] Received HEADERS for invalid stream 27
[0917/100559.797:ERROR:audio_rtp_receiver.cc(89)] AudioRtpReceiver::OnSetVolume: No audio channel exists.
[0917/100559.798:WARNING:used_ids.h(55)] Duplicate id found. Reassigning from 104 to 127
[0917/100559.798:WARNING:used_ids.h(55)] Duplicate id found. Reassigning from 102 to 125
[0917/100559.798:WARNING:used_ids.h(55)] Duplicate id found. Reassigning from 104 to 124
[0917/100559.798:WARNING:used_ids.h(55)] Duplicate id found. Reassigning from 106 to 123
[0917/100559.798:WARNING:used_ids.h(55)] Duplicate id found. Reassigning from 103 to 122
[0917/100559.798:WARNING:used_ids.h(55)] Duplicate id found. Reassigning from 105 to 121
[0917/100559.798:WARNING:used_ids.h(55)] Duplicate id found. Reassigning from 109 to 120
[0917/100559.798:WARNING:used_ids.h(55)] Duplicate id found. Reassigning from 1 to 14
[0917/100559.798:WARNING:used_ids.h(55)] Duplicate id found. Reassigning from 3 to 13
[0917/100559.798:WARNING:used_ids.h(55)] Duplicate id found. Reassigning from 5 to 12
[0917/100559.798:WARNING:used_ids.h(55)] Duplicate id found. Reassigning from 6 to 11
[0917/100624.842:ERROR:audio_rtp_receiver.cc(89)] AudioRtpReceiver::OnSetVolume: No audio channel exists.
[0917/100624.842:WARNING:used_ids.h(55)] Duplicate id found. Reassigning from 104 to 127
[0917/100624.842:WARNING:used_ids.h(55)] Duplicate id found. Reassigning from 102 to 125
[0917/100624.842:WARNING:used_ids.h(55)] Duplicate id found. Reassigning from 104 to 124
[0917/100624.842:WARNING:used_ids.h(55)] Duplicate id found. Reassigning from 106 to 123
[0917/100624.842:WARNING:used_ids.h(55)] Duplicate id found. Reassigning from 103 to 122
[0917/100624.842:WARNING:used_ids.h(55)] Duplicate id found. Reassigning from 105 to 121
[0917/100624.842:WARNING:used_ids.h(55)] Duplicate id found. Reassigning from 109 to 120
[0917/100624.842:WARNING:used_ids.h(55)] Duplicate id found. Reassigning from 1 to 14
[0917/100624.842:WARNING:used_ids.h(55)] Duplicate id found. Reassigning from 3 to 13
[0917/100624.842:WARNING:used_ids.h(55)] Duplicate id found. Reassigning from 5 to 12
[0917/100624.842:WARNING:used_ids.h(55)] Duplicate id found. Reassigning from 6 to 11
[0917/100631.838:ERROR:audio_rtp_receiver.cc(89)] AudioRtpReceiver::OnSetVolume: No audio channel exists.
[0917/100631.838:WARNING:used_ids.h(55)] Duplicate id found. Reassigning from 104 to 127
[0917/100631.838:WARNING:used_ids.h(55)] Duplicate id found. Reassigning from 102 to 125
[0917/100631.838:WARNING:used_ids.h(55)] Duplicate id found. Reassigning from 104 to 124
[0917/100631.838:WARNING:used_ids.h(55)] Duplicate id found. Reassigning from 106 to 123
[0917/100631.838:WARNING:used_ids.h(55)] Duplicate id found. Reassigning from 103 to 122
[0917/100631.838:WARNING:used_ids.h(55)] Duplicate id found. Reassigning from 105 to 121
[0917/100631.838:WARNING:used_ids.h(55)] Duplicate id found. Reassigning from 109 to 120
[0917/100631.838:WARNING:used_ids.h(55)] Duplicate id found. Reassigning from 1 to 14
[0917/100631.839:WARNING:used_ids.h(55)] Duplicate id found. Reassigning from 3 to 13
[0917/100631.839:WARNING:used_ids.h(55)] Duplicate id found. Reassigning from 5 to 12
[0917/100631.839:WARNING:used_ids.h(55)] Duplicate id found. Reassigning from 6 to 11
[0917/100648.093:ERROR:batching_media_log.cc(38)] MediaEvent: {"error":"FFmpegDemuxer: no supported streams"}
[0917/100648.093:ERROR:batching_media_log.cc(35)] MediaEvent: {"pipeline_error":14}
[0917/100648.143:ERROR:batching_media_log.cc(38)] MediaEvent: {"error":"FFmpegDemuxer: no supported streams"}
[0917/100648.144:ERROR:batching_media_log.cc(35)] MediaEvent: {"pipeline_error":14}
[0917/100648.219:WARNING:spdy_session.cc(3365)] Received HEADERS for invalid stream 127
